<?xml version="1.0" encoding="UTF-8"?>
<testsuite name="Test" tests="1" skipped="0" failures="0" errors="0" timestamp="2024-06-19T07:45:25" hostname="Eirins-MacBook-Air.local" time="0.054">
  <properties/>
  <testcase name="testSolution()" classname="Test" time="0.054"/>
  <system-out><![CDATA[]]></system-out>
  <system-err><![CDATA[]]></system-err>
</testsuite>
